27/06/2024 00:27:39-0
Recall-----:   0.99999999      0.99999999      0.99999999      0.99999999      0.99999999      0.99999999      0.99994009      0.99984274      0.77404332      0.72790775      0.0   
Precision--:   0.00025472      0.00025472      0.00025472      0.00025472      0.00025472      0.00025472      0.00025473      0.00025477      0.0002244      0.00021629      0.0   
27/06/2024 07:01:46-131
Recall-----:   0.25525851      0.00768424      0.0076256      0.00760365      0.007591      0.00758278      0.00757705      0.00757348      0.0058635      0.0055137      0.0   
Precision--:   0.00030873      0.00025711      0.00025589      0.00025545      0.00025517      0.00025496      0.00025482      0.00025478      0.00022442      0.00021628      0.0   
27/06/2024 07:04:50-132
Recall-----:   0.26085699      0.00822821      0.00777528      0.0076237      0.0075597      0.00753263      0.0075207      0.0075167      0.00581941      0.00547224      0.0   
Precision--:   0.00030686      0.00027733      0.00026287      0.00025806      0.00025604      0.00025519      0.00025484      0.00025479      0.00022442      0.00021628      0.0   
27/06/2024 07:07:47-133
Recall-----:   0.26637192      0.01027472      0.009374      0.00889529      0.00856903      0.00831574      0.00809077      0.00788552      0.0060115      0.00551676      0.0   
Precision--:   0.00030511      0.0003488      0.00031925      0.00030333      0.00029238      0.00028382      0.00027621      0.00026929      0.00023356      0.00021968      0.0   
27/06/2024 07:10:47-134
Recall-----:   0.27180517      0.01358478      0.01241368      0.01172037      0.01119546      0.01074065      0.01030885      0.00988025      0.00776637      0.00690904      0.0   
Precision--:   0.00030347      0.00046436      0.00042575      0.00040251      0.00038473      0.00036923      0.00035449      0.00033988      0.00030395      0.00027715      0.0   
27/06/2024 07:16:51-136
Recall-----:   0.28243376      0.01985427      0.01785968      0.0165786      0.01556765      0.01466862      0.01381522      0.01294312      0.01036941      0.00887932      0.0   
Precision--:   0.00030052      0.00068822      0.00062126      0.00057753      0.00054271      0.00051158      0.00048197      0.00045174      0.00041176      0.00036141      0.0   
27/06/2024 07:22:54-138
Recall-----:   0.29275656      0.02603988      0.02341914      0.02167296      0.02026638      0.01899171      0.01776243      0.01648986      0.01347515      0.0113411      0.0   
Precision--:   0.00029789      0.00091518      0.0008261      0.00076568      0.00071655      0.00067179      0.00062854      0.00058378      0.00054277      0.00046827      0.0   
27/06/2024 07:28:51-140
Recall-----:   0.30278658      0.03145811      0.02829109      0.02615053      0.02440749      0.02282448      0.02128511      0.01968278      0.01630701      0.01363254      0.0   
Precision--:   0.00029555      0.0011209      0.00101187      0.0009368      0.00087509      0.00081874      0.00076384      0.00070669      0.00066615      0.00057089      0.0   
27/06/2024 07:31:56-141
Recall-----:   0.30769566      0.03447967      0.03105296      0.02871755      0.02680674      0.0250638      0.02335254      0.02156443      0.01797583      0.0149867      0.0   
Precision--:   0.00029447      0.00123689      0.00111825      0.00103584      0.00096775      0.00090529      0.00084385      0.00077964      0.00073944      0.00063199      0.0   
27/06/2024 07:37:52-143
Recall-----:   0.31730932      0.0395996      0.03568994      0.03302002      0.03081415      0.02879997      0.02681963      0.02474423      0.02083601      0.01738335      0.0   
Precision--:   0.00029248      0.00143984      0.00130279      0.00120737      0.00112773      0.00105459      0.00098253      0.000907      0.00086897      0.00074325      0.0   
27/06/2024 07:43:55-145
Recall-----:   0.32665934      0.04508695      0.04078451      0.03782756      0.0353804      0.03314308      0.03093851      0.02861127      0.02442662      0.02054465      0.0   
Precision--:   0.0002907      0.00166124      0.00150876      0.0014018      0.00131235      0.00123007      0.00114882      0.00106302      0.00103258      0.00089041      0.0   
27/06/2024 07:52:58-148
Recall-----:   0.34021427      0.05286733      0.04809544      0.04479756      0.04204365      0.03952101      0.03702153      0.03435688      0.0297851      0.0252744      0.0   
Precision--:   0.0002883      0.00198636      0.00181453      0.00169316      0.00159065      0.00149615      0.00140228      0.00130216      0.00128442      0.0011175      0.0   
27/06/2024 07:58:59-150
Recall-----:   0.34895172      0.05831202      0.05320657      0.04966288      0.04670256      0.04398165      0.04127502      0.0383771      0.03353658      0.02857444      0.0   
Precision--:   0.00028686      0.00221914      0.00203336      0.00190145      0.00178995      0.00168678      0.00158387      0.00147363      0.00146518      0.00128005      0.0   
27/06/2024 08:01:59-151
Recall-----:   0.35323424      0.06095466      0.05572074      0.05208387      0.04904718      0.04624881      0.04345719      0.04046571      0.03552002      0.03037653      0.0   
Precision--:   0.00028619      0.00233448      0.00214306      0.00200694      0.0018919      0.00178516      0.00167837      0.00156388      0.00156187      0.00136961      0.0   
27/06/2024 08:07:59-153
Recall-----:   0.36163246      0.06710022      0.06166697      0.05788544      0.05472571      0.05180679      0.0488905      0.04575445      0.04063453      0.03518346      0.0   
Precision--:   0.00028494      0.00260149      0.00240117      0.00225828      0.00213733      0.00202477      0.00191197      0.00179058      0.00180927      0.00160642      0.0   
27/06/2024 08:10:59-154
Recall-----:   0.36574983      0.06995856      0.06444265      0.06060036      0.05738802      0.05442123      0.05144946      0.0482537      0.04306835      0.03749785      0.0   
Precision--:   0.00028434      0.00272915      0.00252489      0.00237896      0.00225533      0.00214029      0.00202468      0.00190027      0.00192967      0.00172287      0.0   
27/06/2024 08:13:55-155
Recall-----:   0.36981491      0.07298238      0.06739666      0.06350216      0.06024894      0.05723997      0.0542286      0.05097942      0.04574035      0.04006653      0.0   
Precision--:   0.00028377      0.00286455      0.00265687      0.00250825      0.0023824      0.00226508      0.00214729      0.0020201      0.0020621      0.00185234      0.0   
27/06/2024 08:22:55-158
Recall-----:   0.38169948      0.08023542      0.07439093      0.07032272      0.06691337      0.0637517      0.06058803      0.05716454      0.05173273      0.04570891      0.0   
Precision--:   0.00028219      0.00320777      0.00298727      0.00282955      0.00269544      0.00257002      0.0024441      0.00230774      0.002376      0.00215291      0.0   
27/06/2024 08:31:56-161
Recall-----:   0.39314632      0.0883747      0.08231968      0.07810009      0.07455787      0.07126697      0.06797433      0.06439662      0.05879224      0.05245691      0.0   
Precision--:   0.00028077      0.00359602      0.00336477      0.00319886      0.00305741      0.0029248      0.00279163      0.0026468      0.00274904      0.00251557      0.0   
27/06/2024 08:40:59-164
Recall-----:   0.40417689      0.09661412      0.09038271      0.08603497      0.08237776      0.0789799      0.07557066      0.0718622      0.06610514      0.05949169      0.0   
Precision--:   0.00027949      0.00400066      0.00375978      0.00358643      0.00343817      0.0032991      0.003159      0.00300646      0.00314611      0.00290393      0.0   
27/06/2024 08:47:04-166
Recall-----:   0.4113101      0.10155344      0.09522574      0.09081071      0.08709513      0.08363881      0.08016974      0.0763915      0.0705613      0.06379918      0.0   
Precision--:   0.00027871      0.00425422      0.00400755      0.00382984      0.00367768      0.00353471      0.00339063      0.00323355      0.0033976      0.0031508      0.0   
27/06/2024 08:53:04-168
Recall-----:   0.4182726      0.10661328      0.10019536      0.09571987      0.09194879      0.08844105      0.08491831      0.08108049      0.07518607      0.06829202      0.0   
Precision--:   0.00027797      0.00451741      0.00426519      0.00408338      0.00392741      0.00378083      0.00363299      0.00347176      0.00366208      0.00341168      0.0   
27/06/2024 08:56:04-169
Recall-----:   0.42169168      0.10920598      0.10273787      0.09822899      0.09443063      0.09089429      0.08734237      0.08347163      0.07754216      0.07058085      0.0   
Precision--:   0.00027762      0.00465348      0.00439826      0.00421426      0.0040564      0.00390787      0.00375804      0.00359459      0.00379838      0.00354617      0.0   
27/06/2024 08:58:59-170
Recall-----:   0.42506855      0.11186005      0.10533322      0.10078479      0.09694788      0.09338221      0.08979808      0.08588895      0.07991521      0.07287349      0.0   
Precision--:   0.00027728      0.00479335      0.00453477      0.00434832      0.00418808      0.00403757      0.00388561      0.00371969      0.00393679      0.00368213      0.0   
27/06/2024 09:11:06-174
Recall-----:   0.43819955      0.12142992      0.1146863      0.1099884      0.1060219      0.10232995      0.09861299      0.09455159      0.08841127      0.08105079      0.0   
Precision--:   0.00027602      0.00531958      0.005048      0.00485187      0.004683      0.00452402      0.0043632      0.00418728      0.00445334      0.00418767      0.0   
27/06/2024 09:32:08-181
Recall-----:   0.45978352      0.13716508      0.13002504      0.12505166      0.12084152      0.11691185      0.11295645      0.10862047      0.1021667      0.09423877      0.0   
Precision--:   0.00027412      0.00623897      0.00594295      0.00572865      0.00554333      0.00536822      0.00519104      0.00499656      0.00534495      0.00505747      0.0   
27/06/2024 09:54:46-189
Recall-----:   0.48250018      0.15494368      0.14745204      0.14222512      0.13779476      0.13365568      0.12948292      0.12489732      0.11815762      0.10967967      0.0   
Precision--:   0.00027234      0.00734244      0.00702229      0.00678935      0.00658727      0.00639593      0.00620191      0.00598837      0.00644224      0.0061349      0.0   
27/06/2024 09:57:31-190
Recall-----:   0.48520455      0.15721657      0.14968204      0.14442476      0.13996859      0.13580441      0.13160293      0.12698619      0.12021117      0.11166778      0.0   
Precision--:   0.00027214      0.00748744      0.00716429      0.00692904      0.0067249      0.00653154      0.0063353      0.00611934      0.00658726      0.00627767      0.0   
27/06/2024 10:42:47-206
Recall-----:   0.52492767      0.1885876      0.18046989      0.17479884      0.169979      0.16545665      0.16088305      0.15584035      0.14857841      0.1391128      0.0   
Precision--:   0.00026948      0.00969617      0.00932742      0.0090571      0.0088211      0.00859618      0.00836717      0.00811417      0.00879468      0.00844905      0.0   
27/06/2024 11:25:45-221
Recall-----:   0.55692652      0.21667627      0.20822109      0.2023024      0.19727339      0.1925466      0.18775076      0.18244119      0.17490198      0.16486687      0.0   
Precision--:   0.00026766      0.01189966      0.01149772      0.01120062      0.01094044      0.01069151      0.01043698      0.01015448      0.0110637      0.01070211      0.0   
27/06/2024 11:28:25-222
Recall-----:   0.55890752      0.21853376      0.21006133      0.20412982      0.19908969      0.19435212      0.18954344      0.18421846      0.17666746      0.16660199      0.0   
Precision--:   0.00026755      0.01205244      0.01164855      0.01134986      0.0110882      0.01083781      0.01058165      0.01029727      0.01122296      0.01086087      0.0   
27/06/2024 12:21:19-240
Recall-----:   0.59173829      0.24635397      0.23740113      0.23113219      0.22578802      0.2207459      0.21561646      0.20992863      0.20197212      0.19110953      0.0   
Precision--:   0.00026592      0.01461742      0.01416725      0.01383245      0.01353722      0.01325303      0.01296133      0.01263686      0.01381307      0.01341487      0.0   
27/06/2024 12:29:54-243
Recall-----:   0.59673605      0.25120798      0.24218538      0.23586229      0.23047361      0.22538668      0.22021251      0.21447083      0.20645554      0.19547639      0.0   
Precision--:   0.00026569      0.01507832      0.01462109      0.01428039      0.0139799      0.01369032      0.01339312      0.01306223      0.01428501      0.01388244      0.0   
27/06/2024 12:43:50-248
Recall-----:   0.60478752      0.25829666      0.24918302      0.24279511      0.2373466      0.23220365      0.22696696      0.22115355      0.21305845      0.20191825      0.0   
Precision--:   0.00026533      0.01580176      0.01533372      0.0149843      0.01467559      0.01437794      0.01407206      0.01373133      0.01502732      0.01461815      0.0   
27/06/2024 13:00:39-254
Recall-----:   0.61403239      0.26627236      0.25703541      0.25056289      0.24503368      0.2398153      0.23450266      0.2285938      0.22039385      0.20904744      0.0   
Precision--:   0.00026495      0.01665734      0.01617545      0.0158151      0.0154959      0.015188      0.01487149      0.01451818      0.01589885      0.01547983      0.0   
27/06/2024 13:25:55-263
Recall-----:   0.62711148      0.27840113      0.26903951      0.2624692      0.25685655      0.25155435      0.24615552      0.24014063      0.23183777      0.22027606      0.0   
Precision--:   0.00026442      0.01798846      0.01748952      0.01711471      0.01678208      0.01646051      0.01612974      0.01575976      0.01727865      0.01685293      0.0   
27/06/2024 13:31:31-265
Recall-----:   0.6298896      0.28095876      0.27156807      0.26497284      0.25934091      0.25401972      0.2486009      0.24256148      0.23423981      0.22262997      0.0   
Precision--:   0.00026431      0.01828181      0.01777899      0.01740075      0.01706508      0.01674038      0.0164064      0.01603261      0.01758198      0.01715453      0.0   
27/06/2024 13:48:30-271
Recall-----:   0.63800585      0.28840428      0.27891786      0.27225127      0.26655395      0.26117077      0.25568781      0.24957033      0.24116542      0.22938541      0.0   
Precision--:   0.00026399      0.01916075      0.01864558      0.01825706      0.01791165      0.01757727      0.01723313      0.0168475      0.01848561      0.01805061      0.0   
27/06/2024 13:56:50-274
Recall-----:   0.64193043      0.29220786      0.28268314      0.27598605      0.27026316      0.26485377      0.2593393      0.2531888      0.24474472      0.23288792      0.0   
Precision--:   0.00026384      0.01961177      0.01909123      0.01869803      0.01834824      0.01800938      0.01766025      0.01726913      0.01895353      0.01851574      0.0   
27/06/2024 14:05:24-277
Recall-----:   0.6457728      0.29601586      0.28643778      0.27970228      0.27394984      0.26850633      0.26295984      0.2567728      0.24828544      0.23634048      0.0   
Precision--:   0.0002637      0.0200676      0.0195408      0.01914235      0.01878797      0.01844412      0.01808994      0.01769307      0.01942368      0.01898219      0.0   
27/06/2024 15:12:53-301
Recall-----:   0.67371595      0.32252212      0.31265116      0.3057011      0.29975544      0.29412857      0.2883884      0.28197458      0.27324454      0.26079084      0.0   
Precision--:   0.00026274      0.02360392      0.02303405      0.022599      0.02220968      0.021831      0.02143984      0.02100033      0.02309365      0.02263275      0.0   
27/06/2024 17:36:26-349
Recall-----:   0.71808663      0.36640215      0.35610902      0.34885102      0.34264215      0.33674526      0.33073214      0.32399554      0.31491792      0.30174828      0.0   
Precision--:   0.00026138      0.03067621      0.03003598      0.02953782      0.02908787      0.02864623      0.0281889      0.02767251      0.03049377      0.03001292      0.0   
27/06/2024 18:10:37-361
Recall-----:   0.72730039      0.37573196      0.36534136      0.35802006      0.35175525      0.34580435      0.33973463      0.33293435      0.32379162      0.3104748      0.0   
Precision--:   0.00026112      0.03242948      0.03177344      0.03126108      0.03079697      0.03034083      0.02986797      0.02933356      0.03233489      0.03185066      0.0   
