29/06/2024 00:49:20-0
Recall-----:   0.99999999      0.99554463      0.90719372      0.86752978      0.8490419      0.83864107      0.8306963      0.82141867      0.8114147      0.79199832      0.0   
Precision--:   0.00025472      0.00026297      0.00028197      0.00028046      0.00028822      0.0002922      0.00029427      0.00029624      0.00029898      0.00030095      0.0   
29/06/2024 05:33:22-142
Recall-----:   0.99299792      0.00798864      0.00732962      0.00702626      0.00687669      0.0067866      0.00671148      0.00662453      0.00653187      0.00635844      0.0   
Precision--:   0.00025697      0.00030148      0.00032541      0.00032458      0.00033374      0.00033812      0.00034      0.00034166      0.0003442      0.00034555      0.0   
29/06/2024 05:37:24-144
Recall-----:   0.99230997      0.01003755      0.00931384      0.00896546      0.0087763      0.00864878      0.00853773      0.00841135      0.00827283      0.00802641      0.0   
Precision--:   0.00025705      0.00038404      0.00041922      0.00041989      0.00043182      0.00043686      0.0004385      0.00043982      0.00044198      0.00044224      0.0   
29/06/2024 05:39:24-145
Recall-----:   0.99219134      0.01202169      0.01126367      0.01088762      0.01067602      0.01052768      0.01039683      0.01024783      0.01008268      0.0097956      0.0   
Precision--:   0.00025711      0.00046305      0.00051039      0.00051334      0.00052882      0.00053533      0.00053756      0.00053944      0.00054229      0.00054334      0.0   
29/06/2024 05:45:34-148
Recall-----:   0.9916291      0.01750469      0.01662491      0.01616636      0.01588345      0.01566992      0.01546976      0.01524523      0.01498699      0.01456401      0.0   
Precision--:   0.00025732      0.0006878      0.00076842      0.0007775      0.00080252      0.00081278      0.00081589      0.0008186      0.00082223      0.00082404      0.0   
29/06/2024 05:47:36-149
Recall-----:   0.99108746      0.01957359      0.01866864      0.01819273      0.01789499      0.01766697      0.01745397      0.01721357      0.01693559      0.01648543      0.0   
Precision--:   0.00025739      0.0007741      0.00086849      0.00088064      0.00091002      0.0009223      0.00092651      0.00093028      0.00093517      0.00093881      0.0   
29/06/2024 05:49:35-150
Recall-----:   0.99064682      0.021405      0.02046747      0.01997141      0.0196568      0.0194112      0.01918032      0.01892203      0.01862086      0.0181365      0.0   
Precision--:   0.00025747      0.00085206      0.00095838      0.00097303      0.00100612      0.00101995      0.00102478      0.00102927      0.00103492      0.00103956      0.0   
29/06/2024 05:51:39-151
Recall-----:   0.99050697      0.02396765      0.02299049      0.02246947      0.0221322      0.02186566      0.0216139      0.02133209      0.02100098      0.02047474      0.0   
Precision--:   0.00025754      0.00096009      0.00108327      0.00110161      0.00113991      0.00115612      0.00116204      0.00116764      0.00117452      0.00118096      0.0   
29/06/2024 05:53:39-152
Recall-----:   0.9902088      0.0262664      0.02526338      0.02472503      0.0243725      0.02409219      0.02382675      0.02352878      0.02317836      0.0226238      0.0   
Precision--:   0.00025767      0.00105887      0.0011979      0.00121986      0.00126324      0.0012819      0.00128911      0.00129603      0.0013045      0.00131316      0.0   
29/06/2024 06:01:52-156
Recall-----:   0.98836848      0.03441277      0.03331876      0.03271287      0.03230442      0.03196908      0.03165108      0.03129104      0.03086701      0.03019717      0.0   
Precision--:   0.00025814      0.00142252      0.00161986      0.0016548      0.00171667      0.00174399      0.00175571      0.00176716      0.00178113      0.00179705      0.0   
29/06/2024 06:05:51-158
Recall-----:   0.98726745      0.03904061      0.03790038      0.03726199      0.03682275      0.0364597      0.03611233      0.0357205      0.03525901      0.03453394      0.0   
Precision--:   0.00025838      0.00163368      0.00186518      0.00190799      0.0019807      0.00201327      0.00202767      0.00204197      0.00205943      0.00208024      0.0   
29/06/2024 06:10:02-160
Recall-----:   0.98571825      0.04328544      0.04209548      0.04142298      0.04095261      0.0405598      0.04018536      0.03976171      0.03925991      0.03847387      0.0   
Precision--:   0.00025848      0.00183344      0.00209684      0.00214684      0.0022296      0.00226688      0.00228377      0.0023006      0.00232097      0.00234572      0.0   
29/06/2024 06:12:08-161
Recall-----:   0.98529593      0.04568707      0.04447188      0.04377978      0.04329304      0.04288394      0.04249522      0.04205561      0.04153167      0.04071379      0.0   
Precision--:   0.00025851      0.0019468      0.00222847      0.00228256      0.00237111      0.0024111      0.00242947      0.00244786      0.00246994      0.00249711      0.0   
29/06/2024 06:16:13-163
Recall-----:   0.98430748      0.05083614      0.04957975      0.04886017      0.04834813      0.04791549      0.04750201      0.04703631      0.04647974      0.04561193      0.0   
Precision--:   0.00025873      0.00219193      0.00251375      0.00257748      0.00267915      0.00272571      0.00274768      0.00276998      0.00279672      0.00283043      0.0   
29/06/2024 06:28:27-169
Recall-----:   0.98152837      0.06465524      0.06328413      0.06247989      0.06189772      0.06139539      0.06091113      0.06036678      0.0597146      0.05870109      0.0   
Precision--:   0.00025909      0.00288609      0.00332114      0.00341145      0.00355      0.0036147      0.00364654      0.00367933      0.00371868      0.00376996      0.0   
29/06/2024 06:30:28-170
Recall-----:   0.9810962      0.0671599      0.06577365      0.06495747      0.06436483      0.06385305      0.06335971      0.06280555      0.0621412      0.06110765      0.0   
Precision--:   0.00025921      0.00301479      0.00347111      0.00356656      0.00371211      0.00378037      0.00381429      0.00384932      0.00389136      0.00394637      0.0   
29/06/2024 06:32:30-171
Recall-----:   0.98053392      0.06934961      0.06794665      0.06711685      0.06651268      0.06599082      0.06548651      0.06492063      0.06424295      0.06318816      0.0   
Precision--:   0.0002592      0.00313071      0.00360599      0.00370587      0.00385755      0.00392889      0.00396447      0.00400131      0.00404557      0.00410364      0.0   
29/06/2024 06:40:35-175
Recall-----:   0.97829324      0.07836232      0.07691174      0.07604436      0.07540887      0.07485802      0.07432553      0.07372549      0.07300655      0.07188908      0.0   
Precision--:   0.00025941      0.00361655      0.00417232      0.00429182      0.00447023      0.00455533      0.00459901      0.00464437      0.00469895      0.00477172      0.0   
29/06/2024 06:42:33-176
Recall-----:   0.97781362      0.08081062      0.07934612      0.07847027      0.07782703      0.07726839      0.0767287      0.07612017      0.07539006      0.07425835      0.0   
Precision--:   0.00025964      0.00374984      0.00432766      0.00445266      0.00463846      0.00472734      0.00477328      0.00482103      0.00487847      0.00495547      0.0   
29/06/2024 06:54:51-182
Recall-----:   0.97524926      0.09445692      0.09292838      0.09200568      0.09132315      0.09072779      0.09014808      0.08949778      0.08871759      0.08750707      0.0   
Precision--:   0.00026012      0.00452488      0.00523124      0.00538813      0.00561705      0.00572834      0.00578739      0.00584941      0.0059242      0.0060259      0.0   
29/06/2024 06:59:00-184
Recall-----:   0.97478786      0.09899406      0.09743562      0.09649126      0.09579037      0.09517886      0.09458211      0.09391205      0.09311071      0.09186475      0.0   
Precision--:   0.0002602      0.00479183      0.00554196      0.00570946      0.00595285      0.00607158      0.00613488      0.0062014      0.00628183      0.00639133      0.0   
29/06/2024 07:13:15-193
Recall-----:   0.97131346      0.1178838      0.11623616      0.11522855      0.11447245      0.11380666      0.11315199      0.11242124      0.11154612      0.11019272      0.0   
Precision--:   0.00026103      0.00597146      0.00691642      0.00713243      0.00744111      0.00759359      0.00767657      0.00776451      0.00787092      0.00801792      0.0   
29/06/2024 07:17:23-196
Recall-----:   0.9702026      0.12384376      0.12217275      0.12114754      0.12037537      0.11969428      0.1190231      0.1182743      0.1173796      0.11599507      0.0   
Precision--:   0.00026118      0.00636621      0.0073765      0.00760888      0.00793946      0.00810334      0.00819302      0.00828821      0.00840357      0.00856333      0.0   
29/06/2024 07:19:00-197
Recall-----:   0.96976328      0.12593837      0.1242636      0.12323585      0.1224619      0.12177934      0.12110571      0.12035449      0.11945641      0.11806672      0.0   
Precision--:   0.00026132      0.00650517      0.00753871      0.00777709      0.00811566      0.00828383      0.00837613      0.00847416      0.00859296      0.00875771      0.0   
29/06/2024 07:31:09-203
Recall-----:   0.96774003      0.13741877      0.13569798      0.13463584      0.13383265      0.1331215      0.1324203      0.13163907      0.13070314      0.12925446      0.0   
Precision--:   0.0002615      0.00730318      0.00846837      0.00873975      0.0091226      0.00931379      0.00941992      0.00953291      0.00966978      0.00986035      0.0   
29/06/2024 07:33:12-204
Recall-----:   0.96738295      0.13928527      0.13755743      0.13649063      0.13568285      0.13496644      0.13426062      0.1334747      0.13253296      0.13107498      0.0   
Precision--:   0.00026155      0.00743708      0.00862437      0.00890133      0.00929163      0.00948664      0.00959507      0.00971058      0.0098505      0.01004543      0.0   
29/06/2024 07:47:18-211
Recall-----:   0.96499103      0.15090071      0.14911239      0.14800417      0.14716035      0.14640879      0.14566677      0.14484331      0.14385135      0.14232377      0.0   
Precision--:   0.00026164      0.00832054      0.00965221      0.00996503      0.01040363      0.01062349      0.01074647      0.01087782      0.01103662      0.01125902      0.0   
29/06/2024 07:53:18-214
Recall-----:   0.96397142      0.15593746      0.15413045      0.15300935      0.15215446      0.15139078      0.15063676      0.14979947      0.14879116      0.14723925      0.0   
Precision--:   0.00026174      0.00871442      0.01011084      0.01044001      0.01090045      0.01113162      0.01126138      0.01140001      0.01156769      0.01180287      0.0   
29/06/2024 07:57:20-216
Recall-----:   0.96340063      0.15944709      0.15762586      0.15649459      0.15562978      0.15485679      0.15409505      0.15324753      0.15222571      0.15065395      0.0   
Precision--:   0.00026182      0.0089894      0.01043093      0.01077144      0.01124698      0.01148597      0.01162052      0.0117642      0.0119379      0.01218178      0.0   
29/06/2024 08:07:32-221
Recall-----:   0.96197774      0.16766514      0.16582247      0.16467345      0.16379352      0.16300492      0.16222763      0.16136449      0.16032116      0.15871852      0.0   
Precision--:   0.00026176      0.00965966      0.01121166      0.01158019      0.01209302      0.01235153      0.01249791      0.01265451      0.01284374      0.01311012      0.0   
29/06/2024 08:25:47-230
Recall-----:   0.95853751      0.18048353      0.17860221      0.17742208      0.17651492      0.17570013      0.17489748      0.17400521      0.17292702      0.17126983      0.0   
Precision--:   0.00026172      0.0108002      0.01253923      0.01295499      0.01353067      0.01382205      0.01398833      0.01416636      0.01438165      0.01468542      0.0   
29/06/2024 08:35:47-235
Recall-----:   0.95704539      0.18764493      0.18573832      0.18454595      0.18362521      0.18279591      0.18197781      0.18106936      0.179972      0.17828641      0.0   
Precision--:   0.00026174      0.01145969      0.01330638      0.01374978      0.01436181      0.01467218      0.01484984      0.01504027      0.01527066      0.0155962      0.0   
29/06/2024 08:54:02-244
Recall-----:   0.95377258      0.19928027      0.19733825      0.19611884      0.19517578      0.19432603      0.19348442      0.19254926      0.19142104      0.18968833      0.0   
Precision--:   0.00026161      0.01261184      0.01464653      0.0151374      0.01581263      0.01615625      0.0163539      0.01656583      0.01682245      0.01718574      0.0   
29/06/2024 08:58:09-246
Recall-----:   0.953353      0.20199527      0.20004394      0.19881543      0.19786634      0.19700991      0.19616194      0.19521983      0.19408256      0.19233548      0.0   
Precision--:   0.00026163      0.01288249      0.0149612      0.01546298      0.01615295      0.01650422      0.01670648      0.01692338      0.017186      0.01755784      0.0   
29/06/2024 09:34:17-264
Recall-----:   0.94878512      0.22418152      0.22215275      0.22086577      0.21986912      0.21896675      0.21806904      0.21707572      0.21587188      0.21402801      0.0   
Precision--:   0.00026148      0.01528097      0.01774788      0.01834709      0.01916707      0.01958649      0.01982954      0.02009086      0.02040707      0.02085636      0.0   
29/06/2024 09:36:18-265
Recall-----:   0.9486492      0.22552448      0.2234919      0.22220196      0.22120298      0.22029913      0.21939948      0.21840331      0.21719738      0.21534957      0.0   
Precision--:   0.00026147      0.01542672      0.01791718      0.01852235      0.01935024      0.0197739      0.02001953      0.02028358      0.02060323      0.02105742      0.0   
29/06/2024 09:45:58-270
Recall-----:   0.9477223      0.23143552      0.22938331      0.22807815      0.22706406      0.22614862      0.22523589      0.22422644      0.22300359      0.22113304      0.0   
Precision--:   0.00026132      0.01611107      0.01871186      0.01934472      0.02020926      0.02065231      0.02090956      0.02118626      0.0215212      0.02199767      0.0   
29/06/2024 10:06:44-284
Recall-----:   0.94554152      0.24720136      0.24509901      0.24375506      0.24270716      0.24176189      0.24081996      0.23977825      0.23851328      0.2365851      0.0   
Precision--:   0.00026082      0.01804075      0.02095127      0.02166196      0.02262986      0.02312735      0.02341776      0.02373025      0.02410845      0.02464783      0.0   
29/06/2024 10:28:38-299
Recall-----:   0.94330252      0.26235932      0.26020268      0.25881949      0.25773858      0.25675793      0.25578315      0.25470628      0.25339536      0.25140244      0.0   
Precision--:   0.00026033      0.02008991      0.02332672      0.02411926      0.02519603      0.0257503      0.02607513      0.02642498      0.02684809      0.02745269      0.0   
29/06/2024 10:55:03-317
Recall-----:   0.94104891      0.27882676      0.27660124      0.27517021      0.27404555      0.27302305      0.27200738      0.27088669      0.26952223      0.26745013      0.0   
Precision--:   0.00025965      0.02254546      0.02616929      0.0270586      0.02826376      0.02888504      0.02925022      0.02964378      0.03011974      0.03080077      0.0   
29/06/2024 11:02:31-322
Recall-----:   0.940612      0.2833499      0.28110611      0.27966304      0.27852801      0.27749348      0.27646865      0.27533662      0.27395757      0.27186496      0.0   
Precision--:   0.0002595      0.02324548      0.02697913      0.02789597      0.02913765      0.02977782      0.03015469      0.03056074      0.03105177      0.03175457      0.0   
29/06/2024 11:39:49-347
Recall-----:   0.93915583      0.3045373      0.30220594      0.30070445      0.29952014      0.2984382      0.29736117      0.29617681      0.29473126      0.29253192      0.0   
Precision--:   0.00025874      0.02676003      0.03103968      0.0320933      0.03351622      0.03425128      0.03468511      0.03515322      0.03571936      0.03652938      0.0   
29/06/2024 11:41:52-349
Recall-----:   0.93907504      0.3061647      0.30382632      0.30232026      0.30113129      0.30004533      0.29896377      0.29777471      0.29632367      0.29411633      0.0   
Precision--:   0.00025866      0.02704487      0.0313685      0.03243315      0.03387057      0.03461323      0.0350516      0.03552468      0.0360968      0.03691548      0.0   
29/06/2024 11:59:24-362
Recall-----:   0.93845035      0.31596635      0.31358831      0.31205363      0.31083961      0.30973313      0.30862753      0.30741263      0.30593086      0.30367955      0.0   
Precision--:   0.00025822      0.02886235      0.03346608      0.03460055      0.03613045      0.03692182      0.03738933      0.03789404      0.03850451      0.03937877      0.0   
29/06/2024 12:09:50-369
Recall-----:   0.93809151      0.3209737      0.31857336      0.31702299      0.31579395      0.31467441      0.31355603      0.31232426      0.31082453      0.30854682      0.0   
Precision--:   0.00025793      0.02983798      0.03459122      0.03576291      0.03734188      0.03815889      0.03864193      0.03916306      0.03979373      0.04069714      0.0   
29/06/2024 13:15:08-413
Recall-----:   0.93675064      0.34837856      0.34583178      0.34418512      0.34286778      0.34166378      0.3404575      0.33912943      0.33751095      0.33505364      0.0   
Precision--:   0.00025653      0.03588312      0.04154855      0.04294638      0.04482383      0.04579594      0.04637157      0.04699245      0.04774372      0.04881976      0.0   
29/06/2024 13:57:40-442
Recall-----:   0.93614149      0.36337417      0.36074234      0.35903614      0.35766836      0.35641697      0.35516052      0.35378      0.35209633      0.34953893      0.0   
Precision--:   0.00025568      0.03979393      0.0460386      0.04757887      0.04964502      0.05071518      0.05134927      0.0520332      0.05286105      0.05404616      0.0   
