26/06/2024 15:34:10-0
Recall-----:   0.99999999      0.2579696      0.24338933      0.23478547      0.22764909      0.22119408      0.21551937      0.20919177      0.2020258      0.19125904      0.0   
Precision--:   0.00025472      0.02041144      0.02031972      0.02041839      0.02044031      0.02041531      0.0206023      0.02179266      0.02484174      0.0715536      0.0   
26/06/2024 15:55:42-3
Recall-----:   1.0      0.14933474      0.14277239      0.13872575      0.13538633      0.13230546      0.12949436      0.12637584      0.1226809      0.11708471      0.0   
Precision--:   0.00025472      0.04469685      0.04511865      0.04567031      0.04602424      0.04624391      0.04687149      0.04971005      0.05654416      0.14707888      0.0   
26/06/2024 15:59:22-4
Recall-----:   1.0      0.20892177      0.20194078      0.19755883      0.19398124      0.19056567      0.18742738      0.183887      0.17970609      0.17334493      0.0   
Precision--:   0.00025472      0.0738947      0.07535379      0.07673394      0.07775406      0.07850419      0.07988658      0.08486129      0.09634845      0.22779906      0.0   
26/06/2024 16:03:14-5
Recall-----:   1.0      0.24708682      0.23980311      0.23515657      0.23135413      0.22779031      0.22441615      0.2206706      0.21618671      0.20931846      0.0   
Precision--:   0.00025472      0.10007232      0.10239982      0.10445774      0.1060066      0.10723149      0.1092304      0.11595315      0.13109491      0.28863796      0.0   
26/06/2024 16:11:01-6
Recall-----:   1.0      0.28066164      0.27318064      0.26831968      0.26433524      0.26065241      0.25708645      0.25315685      0.24840326      0.24114926      0.0   
Precision--:   0.00025472      0.12603336      0.12934281      0.13211507      0.13421372      0.1359282      0.13852962      0.14684719      0.1651869      0.34051257      0.0   
26/06/2024 16:27:28-8
Recall-----:   1.0      0.33372291      0.32618918      0.32119456      0.31710054      0.31334151      0.30964706      0.30557644      0.30051765      0.29274381      0.0   
Precision--:   0.00025472      0.17074734      0.17562636      0.17953507      0.18254143      0.18506094      0.18862432      0.19903504      0.22107268      0.39913963      0.0   
26/06/2024 16:35:05-9
Recall-----:   1.0      0.35005473      0.34243105      0.33740503      0.33325098      0.32944332      0.32567585      0.32152611      0.31636223      0.30842915      0.0   
Precision--:   0.00025472      0.19089739      0.1963709      0.20073992      0.2040935      0.20692095      0.21085032      0.22209765      0.24564361      0.42694707      0.0   
26/06/2024 16:50:13-11
Recall-----:   1.0      0.36900531      0.36138857      0.35631113      0.35210301      0.34825052      0.34441656      0.34016354      0.3349161      0.32685192      0.0   
Precision--:   0.00025472      0.22563466      0.23213222      0.23722502      0.24113509      0.24444279      0.24895535      0.26147211      0.28728994      0.47268459      0.0   
26/06/2024 17:20:22-15
Recall-----:   1.0      0.40821069      0.40042665      0.39522061      0.39093002      0.38694351      0.38297704      0.37854262      0.3730604      0.36463292      0.0   
Precision--:   0.00025472      0.28386535      0.29174388      0.29778557      0.30245046      0.3064268      0.3116765      0.32533133      0.35254899      0.52352519      0.0   
26/06/2024 17:28:00-16
Recall-----:   1.0      0.41557724      0.40785054      0.40267618      0.39841292      0.39444642      0.3905127      0.38611846      0.38065483      0.37226285      0.0   
Precision--:   0.00025472      0.29747664      0.30569061      0.31196568      0.31681461      0.32095558      0.32638682      0.34033024      0.36791344      0.53705408      0.0   
26/06/2024 17:44:32-18
Recall-----:   1.0      0.43072289      0.4230634      0.41789215      0.41364166      0.40968504      0.40578519      0.40141828      0.3959385      0.38751434      0.0   
Precision--:   0.00025472      0.32223721      0.33103601      0.33768673      0.3428435      0.34726636      0.35298682      0.3672779      0.39514537      0.55825988      0.0   
26/06/2024 18:00:09-20
Recall-----:   1.0      0.44593574      0.43836111      0.43325041      0.42901971      0.42509283      0.42121188      0.4168571      0.41141166      0.40302848      0.0   
Precision--:   0.00025472      0.34448658      0.35377129      0.36073306      0.36613519      0.37079126      0.37673336      0.39116972      0.41894103      0.57456387      0.0   
26/06/2024 18:15:09-22
Recall-----:   1.0      0.45541726      0.44782649      0.44271994      0.43846649      0.4345409      0.43064192      0.42627992      0.42081371      0.41239714      0.0   
Precision--:   0.00025472      0.36463809      0.37431977      0.38153291      0.38712196      0.39195995      0.39805203      0.41260865      0.44034058      0.59096451      0.0   
26/06/2024 18:34:46-25
Recall-----:   1.0      0.46820032      0.46063015      0.45552422      0.45126367      0.44733561      0.44342229      0.43905578      0.43359065      0.42516907      0.0   
Precision--:   0.00025472      0.39162197      0.40173953      0.40921251      0.4150022      0.42002658      0.42627153      0.44083824      0.46824454      0.61108614      0.0   
26/06/2024 19:02:49-30
Recall-----:   0.99999952      0.48601837      0.47854944      0.47351613      0.46930852      0.46545161      0.46156722      0.45724103      0.45186085      0.443531      0.0   
Precision--:   0.00025472      0.42719606      0.43776472      0.4454834      0.4514634      0.45668079      0.46302259      0.47726575      0.50356108      0.63250595      0.0   
26/06/2024 20:02:42-38
Recall-----:   0.99999962      0.50520682      0.49783161      0.49286116      0.48871677      0.48493455      0.48111464      0.47685477      0.47160604      0.46345532      0.0   
Precision--:   0.00025472      0.47134247      0.48224113      0.49006284      0.4961435      0.50147119      0.50780449      0.52137555      0.54584466      0.65772713      0.0   
26/06/2024 20:10:18-39
Recall-----:   0.99999963      0.5080977      0.50073446      0.49576902      0.49162997      0.4878532      0.484041      0.47979309      0.47455811      0.46642576      0.0   
Precision--:   0.00025472      0.47608131      0.48702157      0.4948628      0.5009536      0.50629389      0.51262633      0.52611164      0.55033541      0.66023513      0.0   
26/06/2024 21:16:25-47
Recall-----:   0.99999875      0.52326962      0.51590087      0.51095867      0.50685955      0.5030975      0.4993035      0.49508652      0.48990715      0.48184181      0.0   
Precision--:   0.00025472      0.5084223      0.51952403      0.52739236      0.53351357      0.53887103      0.5451244      0.55790054      0.58041401      0.67745912      0.0   
26/06/2024 22:06:13-53
Recall-----:   0.99999806      0.53326959      0.52596106      0.5210689      0.51701058      0.51328365      0.50952934      0.50535718      0.5002212      0.49226197      0.0   
Precision--:   0.00025472      0.52847568      0.53967791      0.54754301      0.55366168      0.55900446      0.56517627      0.5774774      0.59884473      0.68810946      0.0   
26/06/2024 22:22:41-55
Recall-----:   0.99999746      0.53571532      0.52843114      0.5235471      0.51950082      0.5157789      0.51203787      0.50787873      0.50276895      0.49484215      0.0   
Precision--:   0.00025472      0.53457765      0.5457887      0.55363589      0.55973858      0.56507041      0.57121542      0.58337691      0.60441155      0.69148166      0.0   
26/06/2024 22:59:38-61
Recall-----:   0.99999758      0.54365299      0.53641766      0.53156287      0.52753651      0.52383537      0.52011466      0.51598617      0.51090955      0.50304509      0.0   
Precision--:   0.00025472      0.55053131      0.56173087      0.56951654      0.57557053      0.58086049      0.58690868      0.5986171      0.61862614      0.69934643      0.0   
26/06/2024 23:32:11-70
Recall-----:   0.99999736      0.55237145      0.54516641      0.54032664      0.53632545      0.53265183      0.52894529      0.52484447      0.51980868      0.51201349      0.0   
Precision--:   0.00025472      0.5705252      0.58169334      0.5893941      0.59538208      0.60062389      0.60654407      0.61766342      0.63638525      0.70949601      0.0   
26/06/2024 23:35:48-71
Recall-----:   0.9999974      0.55361523      0.54642461      0.54159454      0.53760187      0.53393279      0.5302301      0.52613206      0.52110974      0.51332557      0.0   
Precision--:   0.00025472      0.57264415      0.58379828      0.59148305      0.59745958      0.60269199      0.60859189      0.61964319      0.63822831      0.71054891      0.0   
26/06/2024 23:39:25-72
Recall-----:   0.99999744      0.55529382      0.54809805      0.54327015      0.53927627      0.53560135      0.53189389      0.52778819      0.52276676      0.51497399      0.0   
Precision--:   0.00025472      0.57446659      0.58560346      0.59327534      0.59923813      0.60445687      0.61033066      0.62130477      0.63973482      0.71115903      0.0   
27/06/2024 00:15:48-82
Recall-----:   0.99999765      0.56656336      0.55939658      0.55460782      0.55063756      0.54698433      0.54330018      0.53922146      0.53423312      0.52648824      0.0   
Precision--:   0.00025472      0.59156285      0.60255709      0.61008588      0.6159415      0.62107149      0.62679289      0.63716442      0.65432954      0.71867099      0.0   
27/06/2024 00:55:18-91
Recall-----:   0.99999756      0.57519028      0.56810607      0.56337268      0.55945301      0.55583576      0.55219237      0.54816524      0.54322983      0.53557721      0.0   
Precision--:   0.00025472      0.60466368      0.6155456      0.6229427      0.62869642      0.63374494      0.63932962      0.64923166      0.66540289      0.72455161      0.0   
27/06/2024 02:07:11-107
Recall-----:   0.99999771      0.58663839      0.57968954      0.57504017      0.57118828      0.56763971      0.56406768      0.56011848      0.55528711      0.54779758      0.0   
Precision--:   0.00025472      0.62199979      0.63262957      0.63979363      0.64536994      0.65028334      0.65564215      0.66481192      0.67951727      0.7312766      0.0   
27/06/2024 02:38:42-114
Recall-----:   0.99999746      0.59009584      0.58318558      0.57855926      0.57473439      0.5712091      0.56765976      0.56373266      0.55892712      0.55149232      0.0   
Precision--:   0.00025472      0.62931372      0.63989818      0.64699664      0.65252387      0.6573947      0.66267404      0.67160158      0.68582303      0.73518478      0.0   
27/06/2024 02:52:13-117
Recall-----:   0.9999974      0.59247787      0.58559479      0.58098476      0.5771708      0.57365721      0.57011903      0.5662076      0.56141979      0.55401937      0.0   
Precision--:   0.00025472      0.63155809      0.64210923      0.64917645      0.65467438      0.65952234      0.66476981      0.67358255      0.68758099      0.73582302      0.0   
27/06/2024 03:46:16-129
Recall-----:   0.99999747      0.59849886      0.59170029      0.58714502      0.58337578      0.57989666      0.57639739      0.57253325      0.56779651      0.56047491      0.0   
Precision--:   0.00025472      0.64184183      0.65225718      0.65919252      0.66459931      0.66936178      0.67448644      0.68291876      0.69617134      0.74087517      0.0   
27/06/2024 03:55:18-131
Recall-----:   0.99999682      0.59957571      0.5927887      0.58824301      0.58447956      0.5810054      0.57751106      0.57365351      0.56892809      0.56161465      0.0   
Precision--:   0.00025472      0.64344706      0.65383903      0.6607543      0.66614637      0.6708937      0.67599863      0.68437509      0.69751665      0.74167688      0.0   
27/06/2024 05:11:43-148
Recall-----:   0.99999618      0.6080561      0.60139988      0.59694877      0.59325417      0.58984202      0.58641661      0.58263855      0.5780056      0.57084369      0.0   
Precision--:   0.00025472      0.65405263      0.66416684      0.67087651      0.67611681      0.68073344      0.68566332      0.69354724      0.70575614      0.74563469      0.0   
27/06/2024 05:52:08-157
Recall-----:   0.9999964      0.61149412      0.60488908      0.6004736      0.59680424      0.59341986      0.59001827      0.58627004      0.58167371      0.57457495      0.0   
Precision--:   0.00025473      0.65876264      0.66874214      0.67534829      0.68051324      0.68506241      0.68990568      0.69756305      0.70935285      0.74734147      0.0   
27/06/2024 06:23:15-164
Recall-----:   0.99999619      0.61467732      0.60811801      0.60373331      0.60009131      0.5967286      0.59334728      0.58962399      0.58505995      0.57800996      0.0   
Precision--:   0.00025473      0.66206236      0.6719242      0.67844502      0.68354947      0.688043      0.69281869      0.70030971      0.71179573      0.74839846      0.0   
27/06/2024 06:36:43-167
Recall-----:   0.99999608      0.61635471      0.60981093      0.60543623      0.60180316      0.59845157      0.59508022      0.59136605      0.58681104      0.57977947      0.0   
Precision--:   0.00025473      0.66311938      0.67293582      0.67942226      0.68450301      0.68897664      0.69372387      0.70114213      0.71249199      0.74849552      0.0   
27/06/2024 07:17:02-176
Recall-----:   0.99999628      0.62000301      0.61351298      0.60917198      0.60556711      0.60224595      0.59889924      0.59521219      0.59069025      0.58371736      0.0   
Precision--:   0.00025473      0.66659107      0.67629952      0.68269693      0.68771664      0.69213195      0.69680614      0.70403364      0.7150295      0.74946665      0.0   
27/06/2024 07:39:31-181
Recall-----:   0.99999638      0.62155062      0.61508597      0.61076477      0.60717975      0.60387419      0.6005401      0.59686882      0.59236321      0.58541899      0.0   
Precision--:   0.00025473      0.66874155      0.67838713      0.68473876      0.68972398      0.69411173      0.69874515      0.70587601      0.7166992      0.75037066      0.0   
27/06/2024 08:42:34-195
Recall-----:   0.9999945      0.62642042      0.62003098      0.61576141      0.61221745      0.60895852      0.6056658      0.60203912      0.59758785      0.59073348      0.0   
Precision--:   0.00025473      0.6742535      0.6837131      0.68992915      0.69481474      0.69911521      0.70364414      0.71052323      0.72088165      0.75255838      0.0   
27/06/2024 08:56:06-198
Recall-----:   0.99999458      0.6274485      0.62107409      0.61681096      0.61327208      0.61001841      0.60673068      0.60311146      0.59866965      0.59182752      0.0   
Precision--:   0.00025473      0.67547984      0.68491181      0.69110789      0.6959747      0.70025969      0.70476892      0.71160033      0.72186869      0.75316631      0.0   
27/06/2024 10:57:12-222
Recall-----:   0.99999234      0.63524508      0.62898356      0.62479598      0.6213257      0.61813434      0.61490767      0.61135741      0.60699224      0.60028331      0.0   
Precision--:   0.00025473      0.68278156      0.6919789      0.69798635      0.70272386      0.70688962      0.71124977      0.71771969      0.7273173      0.75581475      0.0   
27/06/2024 11:02:38-223
Recall-----:   0.99999198      0.63565375      0.62939845      0.62521407      0.62174684      0.61855863      0.61533454      0.61178816      0.6074259      0.60072273      0.0   
Precision--:   0.00025473      0.68300876      0.69219424      0.69819472      0.70292657      0.7070856      0.71144059      0.71789643      0.72746742      0.75585234      0.0   
27/06/2024 11:51:07-232
Recall-----:   0.99999229      0.63831235      0.63209475      0.62793954      0.6244991      0.62133114      0.61813121      0.61461057      0.6102773      0.60362001      0.0   
Precision--:   0.00025473      0.6853501      0.69444931      0.70039012      0.70507204      0.70919554      0.71350816      0.71984345      0.72919897      0.75668465      0.0   
27/06/2024 12:24:53-239
Recall-----:   0.99999214      0.64001418      0.63382792      0.6296967      0.62627076      0.62312251      0.61993779      0.61643417      0.61212647      0.60550294      0.0   
Precision--:   0.00025473      0.68706405      0.6961049      0.70200579      0.70665386      0.71075147      0.71502442      0.72128081      0.73048531      0.75733416      0.0   
27/06/2024 12:30:04-240
Recall-----:   0.99999205      0.64034977      0.63416781      0.63003849      0.62661384      0.6234676      0.62028292      0.6167824      0.61247704      0.60585628      0.0   
Precision--:   0.00025473      0.68730806      0.69634265      0.70223727      0.70687979      0.71097576      0.71524181      0.72148666      0.73066948      0.75742757      0.0   
27/06/2024 15:16:28-272
Recall-----:   0.99999166      0.6483817      0.64230153      0.6382419      0.63487256      0.6317825      0.62865511      0.62520063      0.62097531      0.61446907      0.0   
Precision--:   0.00025473      0.69385792      0.70267558      0.70841128      0.71292501      0.71692029      0.72105505      0.72695311      0.7355438      0.75978796      0.0   
27/06/2024 15:47:48-278
Recall-----:   0.99999141      0.64973599      0.64367792      0.63963086      0.6362733      0.63319276      0.63007502      0.62663117      0.62241988      0.61593725      0.0   
Precision--:   0.00025473      0.69504339      0.70382466      0.70952812      0.7140215      0.71799972      0.72211157      0.72795309      0.73644637      0.76028332      0.0   
27/06/2024 19:27:29-320
Recall-----:   0.99999235      0.65799781      0.65204985      0.64808438      0.64479613      0.64177046      0.63871854      0.63534472      0.6312202      0.62487865      0.0   
Precision--:   0.00025472      0.70210371      0.71064647      0.71618304      0.72054229      0.72439469      0.72837662      0.73388322      0.74177105      0.76319121      0.0   
27/06/2024 19:48:04-324
Recall-----:   0.99999244      0.65880486      0.65286667      0.64890891      0.64562672      0.64260701      0.63956204      0.63619367      0.63207761      0.6257485      0.0   
Precision--:   0.00025472      0.70268811      0.71120528      0.71672715      0.72107402      0.72491491      0.72888464      0.73435969      0.74220029      0.76341774      0.0   
