26/06/2024 12:08:22-0
Recall-----:   0.99999999      0.89351473      0.87420347      0.86038187      0.84780231      0.83576311      0.82262955      0.80841775      0.78802105      0.75395916      0.0   
Precision--:   0.00025472      0.00022767      0.00022278      0.0002193      0.00021613      0.00021323      0.00020996      0.0002064      0.00020135      0.00019285      0.0   
26/06/2024 12:15:36-1
Recall-----:   0.99997753      0.5617466      0.55044099      0.54240695      0.53524928      0.52853511      0.52117532      0.51325399      0.50196348      0.48338805      0.0   
Precision--:   0.00025483      0.00028627      0.00028056      0.0002765      0.00027291      0.0002697      0.00026604      0.00026208      0.00025652      0.00024729      0.0   
26/06/2024 12:22:53-2
Recall-----:   0.99904403      0.50939502      0.50072999      0.49454446      0.48910889      0.48396162      0.47845119      0.47248905      0.46414105      0.45054468      0.0   
Precision--:   0.00025475      0.00038933      0.00038278      0.00037811      0.00037403      0.00037038      0.00036629      0.00036185      0.00035574      0.00034569      0.0   
26/06/2024 12:33:13-4
Recall-----:   0.99864617      0.45679632      0.4499592      0.44510113      0.44088298      0.43695467      0.43281823      0.42818617      0.42196777      0.41207995      0.0   
Precision--:   0.00025462      0.00058173      0.00057313      0.00056703      0.00056177      0.0005572      0.00055213      0.00054641      0.0005389      0.00052685      0.0   
26/06/2024 12:37:26-5
Recall-----:   0.99877197      0.45340483      0.44707154      0.4426089      0.43873136      0.43517648      0.43139631      0.42718439      0.42151524      0.41261285      0.0   
Precision--:   0.00025462      0.00069279      0.00068324      0.00067653      0.00067074      0.00066582      0.00066028      0.00065407      0.0006459      0.00063295      0.0   
26/06/2024 12:49:27-7
Recall-----:   0.99871674      0.45504215      0.44935537      0.4454244      0.44200298      0.43882729      0.43546859      0.43176084      0.4268052      0.41903212      0.0   
Precision--:   0.00025458      0.00092674      0.00091534      0.00090747      0.00090069      0.00089492      0.0008884      0.00088115      0.00087172      0.00085679      0.0   
26/06/2024 12:57:41-8
Recall-----:   0.99883686      0.46812785      0.46258626      0.45874512      0.45540018      0.45231692      0.44904022      0.445472      0.44071135      0.43326201      0.0   
Precision--:   0.00025459      0.0010723      0.00105981      0.00105118      0.00104374      0.00103749      0.00103035      0.00102253      0.00101241      0.00099639      0.0   
26/06/2024 13:22:23-11
Recall-----:   0.99910019      0.49424965      0.48909889      0.48556005      0.48250944      0.47968158      0.47673239      0.47347563      0.46923996      0.46255764      0.0   
Precision--:   0.00025462      0.00150836      0.00149295      0.0014824      0.00147341      0.00146593      0.00145747      0.00144804      0.00143624      0.00141737      0.0   
26/06/2024 13:47:39-14
Recall-----:   0.99925919      0.50479221      0.49971125      0.49625649      0.49326394      0.49051348      0.48766096      0.48450498      0.48044658      0.47401117      0.0   
Precision--:   0.00025464      0.00192442      0.00190547      0.00189263      0.00188164      0.00187264      0.00186246      0.00185109      0.00183707      0.00181451      0.0   
26/06/2024 14:10:34-17
Recall-----:   0.9993656      0.51160038      0.50665682      0.50329866      0.50039182      0.49772291      0.49493818      0.49187623      0.48797721      0.48178122      0.0   
Precision--:   0.00025465      0.00233905      0.00231697      0.00230204      0.00228928      0.00227889      0.00226702      0.00225383      0.00223779      0.0022119      0.0   
26/06/2024 14:18:02-18
Recall-----:   0.99939662      0.51533469      0.51041212      0.50706322      0.50418149      0.50153444      0.49875992      0.49571292      0.49185912      0.48573093      0.0   
Precision--:   0.00025465      0.00248645      0.00246327      0.00244757      0.00243423      0.00242339      0.00241092      0.00239709      0.0023804      0.00235343      0.0   
26/06/2024 14:33:02-20
Recall-----:   0.99945124      0.52000348      0.51515236      0.51182628      0.5089976      0.50639871      0.50366951      0.50069558      0.49693338      0.49092693      0.0   
Precision--:   0.00025466      0.00277193      0.00274674      0.00272952      0.00271509      0.00270339      0.00268988      0.00267501      0.0026571      0.002628      0.0   
