29/06/2024 00:42:12-0
Recall-----:   0.99999999      0.99920626      0.99894418      0.99874201      0.99842751      0.99803065      0.99665286      0.99561202      0.99320843      0.98423787      0.0   
Precision--:   0.00025472      0.00025502      0.00025495      0.0002549      0.00025482      0.00025472      0.00025483      0.0002546      0.00025398      0.00025169      0.0   
29/06/2024 00:42:59-1
Recall-----:   0.98699708      0.67533328      0.67404171      0.67323682      0.6724207      0.67165699      0.67043655      0.66933591      0.66736423      0.66170756      0.0   
Precision--:   0.00025764      0.00034464      0.00034398      0.00034357      0.00034316      0.00034277      0.00034277      0.00034225      0.00034125      0.00033836      0.0   
29/06/2024 00:43:48-2
Recall-----:   0.97028012      0.58243404      0.58088918      0.57986842      0.57891361      0.5779852      0.57679723      0.57565525      0.57383194      0.56930472      0.0   
Precision--:   0.00025896      0.00044571      0.00044453      0.00044376      0.00044303      0.00044233      0.00044222      0.0004414      0.00044001      0.00043655      0.0   
29/06/2024 00:44:35-3
Recall-----:   0.95899017      0.52496921      0.52321725      0.52200061      0.52096829      0.51994632      0.51873342      0.51755228      0.5157376      0.51172646      0.0   
Precision--:   0.00027448      0.00053556      0.00053378      0.00053254      0.00053149      0.00053046      0.00053019      0.00052905      0.00052721      0.00052312      0.0   
29/06/2024 00:46:59-6
Recall-----:   0.91522231      0.47677568      0.47497347      0.47377022      0.47273118      0.47175682      0.47062844      0.46950333      0.4679338      0.46479146      0.0   
Precision--:   0.00030567      0.00085054      0.00084734      0.00084521      0.00084337      0.00084165      0.00084117      0.00083928      0.00083649      0.0008309      0.0   
29/06/2024 00:47:47-7
Recall-----:   0.91095921      0.47025711      0.46841534      0.46718095      0.46611177      0.4651104      0.46396024      0.46284758      0.46128895      0.45822965      0.0   
Precision--:   0.0003102      0.00095857      0.00095484      0.00095234      0.00095017      0.00094816      0.00094754      0.0009454      0.00094224      0.00093602      0.0   
29/06/2024 00:49:57-9
Recall-----:   0.9012548      0.4443734      0.44239765      0.44108672      0.43996379      0.4389288      0.43778033      0.43663795      0.43504145      0.43209478      0.0   
Precision--:   0.00031664      0.00113196      0.00112696      0.00112365      0.0011208      0.0011182      0.00111732      0.00111455      0.0011105      0.00110303      0.0   
29/06/2024 00:52:04-11
Recall-----:   0.89802154      0.45011954      0.44809562      0.44675237      0.44559199      0.44454545      0.44340746      0.4422412      0.44067183      0.43785753      0.0   
Precision--:   0.00032793      0.00137511      0.00136898      0.00136491      0.00136139      0.00135824      0.00135725      0.00135387      0.0013491      0.00134055      0.0   
29/06/2024 00:54:13-13
Recall-----:   0.88814207      0.44863923      0.44658946      0.44525414      0.44410178      0.44306011      0.44193175      0.44077167      0.43923909      0.43652629      0.0   
Precision--:   0.00033138      0.0015984      0.00159117      0.00158645      0.00158239      0.00157873      0.0015776      0.00157368      0.00156826      0.00155866      0.0   
29/06/2024 00:55:16-14
Recall-----:   0.88787044      0.45184296      0.44976714      0.44841104      0.44723118      0.44616662      0.4450319      0.44385582      0.44231112      0.43959749      0.0   
Precision--:   0.00033327      0.00172444      0.00171659      0.00171147      0.00170701      0.00170301      0.00170179      0.00169754      0.00169169      0.00168141      0.0   
29/06/2024 00:59:26-18
Recall-----:   0.88751272      0.46926477      0.46710227      0.46568432      0.46445415      0.46334653      0.46218393      0.46094237      0.45937767      0.45669136      0.0   
Precision--:   0.00034702      0.00226611      0.0022558      0.00224903      0.00224317      0.00223792      0.0022364      0.00223074      0.00222325      0.00221041      0.0   
29/06/2024 01:01:26-20
Recall-----:   0.8886494      0.47502636      0.47282685      0.47136533      0.47011969      0.46898172      0.46778617      0.46651631      0.46492879      0.46223396      0.0   
Precision--:   0.0003507      0.00253405      0.00252248      0.00251479      0.00250824      0.00250229      0.0025005      0.0024941      0.00248572      0.0024715      0.0   
29/06/2024 01:04:31-23
Recall-----:   0.88546907      0.4845675      0.48241458      0.48097229      0.47975368      0.47863255      0.47747039      0.47623262      0.47467539      0.4720875      0.0   
Precision--:   0.00035551      0.00295192      0.00293902      0.00293037      0.00292307      0.00291639      0.00291466      0.00290757      0.0028982      0.00288264      0.0   
29/06/2024 01:05:31-24
Recall-----:   0.88556606      0.48643435      0.48428249      0.48283949      0.48162171      0.48050679      0.47935128      0.4781163      0.47656506      0.47399579      0.0   
Precision--:   0.00035767      0.00308609      0.00307266      0.00306366      0.00305606      0.00304914      0.00304741      0.00304005      0.00303033      0.00301425      0.0   
29/06/2024 01:06:33-25
Recall-----:   0.88668768      0.48895853      0.4867898      0.48533463      0.48410926      0.48298453      0.48182178      0.48057814      0.47901773      0.47643699      0.0   
Precision--:   0.0003597      0.00322544      0.00321139      0.00320194      0.003194      0.00318675      0.00318494      0.00317723      0.00316707      0.00315028      0.0   
29/06/2024 01:10:38-29
Recall-----:   0.88577429      0.49194409      0.48975807      0.48829142      0.48705387      0.48592013      0.4847552      0.48351193      0.48194795      0.47938913      0.0   
Precision--:   0.00036335      0.00374119      0.00372488      0.00371393      0.0037047      0.00369629      0.00369423      0.00368537      0.00367364      0.00365449      0.0   
29/06/2024 01:13:44-32
Recall-----:   0.88815559      0.49456166      0.49237995      0.49090358      0.48967089      0.48853541      0.48736964      0.48613118      0.48456237      0.48202326      0.0   
Precision--:   0.00036361      0.00413466      0.00411679      0.00410469      0.00409459      0.00408534      0.00408313      0.00407343      0.00406052      0.00403966      0.0   
29/06/2024 01:14:48-33
Recall-----:   0.88889334      0.49587248      0.49367567      0.4921934      0.49095315      0.48981605      0.48864559      0.48740612      0.48583919      0.48330001      0.0   
Precision--:   0.00036426      0.00427036      0.00425183      0.00423933      0.00422886      0.00421933      0.00421703      0.00420704      0.00419376      0.00417228      0.0   
29/06/2024 01:16:49-35
Recall-----:   0.88921632      0.49900072      0.49680856      0.49532795      0.4940915      0.49295767      0.4917886      0.49055809      0.48899233      0.48645684      0.0   
Precision--:   0.0003664      0.004548      0.00452845      0.00451525      0.00450422      0.00449416      0.0044918      0.00448132      0.00446729      0.00444462      0.0   
29/06/2024 01:18:52-37
Recall-----:   0.88994532      0.50374635      0.50156887      0.50009703      0.49887107      0.49775466      0.49659924      0.4953794      0.49382945      0.49131904      0.0   
Precision--:   0.00037071      0.00484383      0.00482338      0.00480955      0.00479802      0.0047876      0.00478533      0.0047744      0.00475976      0.0047361      0.0   
29/06/2024 01:22:02-40
Recall-----:   0.89028321      0.50605543      0.50386463      0.50237723      0.50114967      0.50002073      0.49886347      0.49763757      0.49608955      0.49357868      0.0   
Precision--:   0.00037405      0.00524706      0.0052249      0.00520984      0.00519741      0.00518606      0.00518364      0.00517181      0.00515606      0.00513058      0.0   
29/06/2024 01:23:06-41
Recall-----:   0.8909813      0.50719007      0.50498735      0.50349578      0.50226109      0.50112034      0.49995401      0.49872494      0.49716814      0.49464415      0.0   
Precision--:   0.00037513      0.00538602      0.0053632      0.00534774      0.00533495      0.00532319      0.00532065      0.0053085      0.00529229      0.00526606      0.0   
29/06/2024 01:35:26-53
Recall-----:   0.8923674      0.51328633      0.51099482      0.50944874      0.50818555      0.50699772      0.50580414      0.50452162      0.50291627      0.50034674      0.0   
Precision--:   0.00038287      0.00699149      0.00696119      0.00694073      0.00692401      0.00690837      0.00690493      0.00688872      0.00686736      0.00683324      0.0   
29/06/2024 01:38:33-56
Recall-----:   0.89278125      0.51683501      0.51454432      0.51300053      0.51174221      0.51055595      0.5093647      0.50808164      0.50648539      0.50392204      0.0   
Precision--:   0.00038653      0.0074259      0.007394      0.00737248      0.00735494      0.00733849      0.007335      0.00731793      0.00729556      0.00725972      0.0   
29/06/2024 01:40:37-58
Recall-----:   0.89292755      0.51927649      0.51698902      0.51544592      0.51418927      0.51300477      0.51181195      0.51053101      0.50894078      0.50638805      0.0   
Precision--:   0.00038934      0.00771926      0.00768634      0.0076641      0.007646      0.00762902      0.00762547      0.00760786      0.00758483      0.00754793      0.0   
29/06/2024 01:50:04-67
Recall-----:   0.89133951      0.52942847      0.52712554      0.52556083      0.52429169      0.52310165      0.52190684      0.52061391      0.5190124      0.51645399      0.0   
Precision--:   0.000396      0.00905152      0.00901359      0.00898777      0.00896684      0.00894732      0.00894357      0.00892323      0.00889666      0.0088543      0.0   
29/06/2024 01:55:15-72
Recall-----:   0.89078325      0.53346105      0.53115283      0.52958852      0.52831856      0.52712557      0.52593115      0.524636      0.52303347      0.52048141      0.0   
Precision--:   0.00039795      0.00978047      0.00973979      0.00971218      0.00968978      0.00966883      0.00966498      0.00964319      0.00961474      0.00956954      0.0   
29/06/2024 01:59:23-76
Recall-----:   0.89017146      0.53757271      0.5352558      0.53368943      0.53242339      0.53123209      0.53003787      0.52874183      0.52714291      0.52460159      0.0   
Precision--:   0.00040067      0.01038608      0.01034315      0.01031406      0.01029059      0.01026859      0.01026471      0.01024179      0.01021194      0.0101646      0.0   
29/06/2024 02:06:43-83
Recall-----:   0.8890219      0.54340022      0.54106727      0.53949954      0.5382303      0.5370347      0.53583108      0.53452917      0.53292488      0.53038658      0.0   
Precision--:   0.00040372      0.01143329      0.01138639      0.01135482      0.01132929      0.01130532      0.01130117      0.01127619      0.01124369      0.01119238      0.0   
29/06/2024 02:12:09-88
Recall-----:   0.88816485      0.54783067      0.5454855      0.54391065      0.54264374      0.54144447      0.54023847      0.53893583      0.53733292      0.53479625      0.0   
Precision--:   0.00040666      0.0121983      0.01214853      0.01211505      0.01208815      0.01206278      0.01205855      0.01203217      0.01199789      0.01194376      0.0   
29/06/2024 02:13:16-89
Recall-----:   0.88817067      0.54859141      0.54624035      0.54466029      0.54339098      0.54218831      0.54097991      0.53967394      0.53806825      0.53552661      0.0   
Precision--:   0.00040744      0.0123497      0.01229929      0.01226534      0.01223811      0.01221239      0.0122081      0.01218137      0.01214667      0.01209185      0.0   
29/06/2024 02:17:40-93
Recall-----:   0.88806307      0.55217994      0.54982832      0.54824766      0.54697855      0.54577664      0.54456669      0.54326284      0.54165952      0.53911994      0.0   
Precision--:   0.00040887      0.01297023      0.01291774      0.01288239      0.01285403      0.01282727      0.01282294      0.01279516      0.0127591      0.01270206      0.0   
29/06/2024 02:22:00-97
Recall-----:   0.88702914      0.55360942      0.55124953      0.54966631      0.54838941      0.54718339      0.54596949      0.54465545      0.5430435      0.54049439      0.0   
Precision--:   0.00040939      0.01354586      0.01349108      0.01345425      0.01342457      0.01339664      0.01339212      0.013363      0.01332529      0.01326574      0.0   
29/06/2024 02:29:22-104
Recall-----:   0.88583283      0.557556      0.55519192      0.55360613      0.55232672      0.5511192      0.5499062      0.54859174      0.54697943      0.5444347      0.0   
Precision--:   0.00041228      0.01459346      0.01453499      0.01449565      0.01446397      0.01443415      0.01442958      0.01439854      0.01435833      0.01429493      0.0   
29/06/2024 02:41:36-119
Recall-----:   0.8820762      0.56374178      0.56134999      0.55974348      0.55844568      0.55722547      0.5560023      0.55467559      0.55304603      0.55048505      0.0   
Precision--:   0.00041657      0.01680828      0.01674131      0.01669622      0.01665985      0.01662572      0.01662069      0.0165852      0.01653921      0.01646695      0.0   
29/06/2024 02:48:01-126
Recall-----:   0.88165293      0.56758098      0.56518      0.56356523      0.56225716      0.56102881      0.55979699      0.55846484      0.55682665      0.5542608      0.0   
Precision--:   0.00041965      0.01788064      0.01780988      0.01776212      0.01772349      0.01768735      0.01768204      0.01764451      0.01759582      0.01751955      0.0   
29/06/2024 02:53:18-131
Recall-----:   0.88071315      0.5694678      0.56705707      0.56543806      0.56412544      0.56289659      0.56166356      0.56033133      0.55868809      0.55611948      0.0   
Precision--:   0.00042107      0.0186261      0.0185525      0.0185029      0.01846274      0.01842527      0.01841986      0.01838097      0.01833038      0.01825125      0.0   
29/06/2024 02:55:25-133
Recall-----:   0.88029599      0.57043138      0.56801756      0.56639691      0.56508493      0.56385531      0.56262029      0.5612875      0.55964303      0.55707353      0.0   
Precision--:   0.00042155      0.01893167      0.01885697      0.01880664      0.01876595      0.01872793      0.01872245      0.018683      0.01863168      0.01855143      0.0   
29/06/2024 02:59:41-137
Recall-----:   0.87939327      0.57233466      0.56991898      0.56829657      0.56698579      0.56575497      0.56452081      0.56319035      0.56154504      0.55897791      0.0   
Precision--:   0.00042263      0.01954402      0.01946727      0.0194155      0.01937378      0.01933469      0.01932922      0.0192888      0.01923605      0.01915371      0.0   
29/06/2024 03:21:07-157
Recall-----:   0.87602959      0.57954544      0.57709516      0.57545242      0.57412412      0.57287761      0.57162661      0.57027346      0.56861095      0.56602101      0.0   
Precision--:   0.00043058      0.02255846      0.02247052      0.02241127      0.02236353      0.02231879      0.02231265      0.02226618      0.02220591      0.022112      0.0   
29/06/2024 03:46:03-180
Recall-----:   0.87247873      0.58750513      0.58503414      0.58337292      0.5820249      0.58076631      0.57950497      0.57813591      0.5764505      0.5738415      0.0   
Precision--:   0.00044042      0.02606087      0.02596098      0.02589351      0.02583884      0.02578786      0.0257814      0.02572832      0.02565936      0.02555263      0.0   
29/06/2024 03:50:31-184
Recall-----:   0.87204662      0.58873571      0.5862585      0.58459207      0.58323916      0.58197646      0.58071333      0.57934056      0.5776516      0.5750368      0.0   
Precision--:   0.00044172      0.02666877      0.02656669      0.02649769      0.02644178      0.02638964      0.02638311      0.02632886      0.0262584      0.02614932      0.0   
29/06/2024 04:22:15-213
Recall-----:   0.86819538      0.59589243      0.59339376      0.59171296      0.59034379      0.58907187      0.58780048      0.58641363      0.58470403      0.58206931      0.0   
Precision--:   0.00045307      0.03102403      0.03090732      0.0308284      0.03076417      0.03070459      0.03069774      0.03063558      0.03055455      0.0304297      0.0   
29/06/2024 04:41:02-230
Recall-----:   0.86649081      0.59956396      0.59704835      0.59535439      0.59397318      0.59269535      0.59141587      0.59002412      0.58830071      0.58565028      0.0   
Precision--:   0.00045931      0.03356936      0.03344399      0.03335911      0.03328991      0.03322606      0.0332189      0.03315234      0.0330651      0.032931      0.0   
29/06/2024 04:42:08-231
Recall-----:   0.86643785      0.59983244      0.5973156      0.59562068      0.59423845      0.59296006      0.59167931      0.59028607      0.58856086      0.58590798      0.0   
Precision--:   0.00045958      0.03372222      0.03359633      0.03351108      0.03344159      0.03337748      0.03337026      0.03330338      0.03321575      0.03308102      0.0   
29/06/2024 04:50:42-239
Recall-----:   0.86572623      0.60184796      0.59932349      0.59762916      0.59624547      0.59496644      0.59368056      0.59228597      0.59055874      0.58790694      0.0   
Precision--:   0.00046348      0.03493879      0.03480886      0.03472115      0.03464962      0.03458367      0.03457629      0.03450749      0.03441719      0.03427862      0.0   
29/06/2024 04:51:46-240
Recall-----:   0.86570012      0.60214019      0.59961451      0.59792057      0.59653696      0.59525821      0.59397213      0.59257649      0.59085034      0.58819611      0.0   
Precision--:   0.0004642      0.03509331      0.03496289      0.0348749      0.03480314      0.03473698      0.0347296      0.0346605      0.03456999      0.03443079      0.0   
29/06/2024 05:08:17-255
Recall-----:   0.86439522      0.60511182      0.60258233      0.60088979      0.59950464      0.59822517      0.59693595      0.59553679      0.59380759      0.59114447      0.0   
Precision--:   0.00046922      0.03733698      0.03719976      0.03710734      0.03703179      0.03696221      0.03695481      0.03688203      0.03678669      0.03663979      0.0   
29/06/2024 05:12:42-259
Recall-----:   0.8641249      0.60620531      0.60367713      0.60198672      0.60060423      0.59932627      0.59803724      0.59664198      0.59491399      0.59225348      0.0   
Precision--:   0.00047109      0.03795323      0.03781433      0.03772086      0.03764454      0.03757418      0.03756689      0.03749343      0.03739697      0.03724833      0.0   
29/06/2024 05:14:54-261
Recall-----:   0.8640369      0.60690577      0.60438225      0.60269412      0.60131383      0.60003729      0.59874986      0.59735576      0.59563027      0.59297298      0.0   
Precision--:   0.00047226      0.03827038      0.0381309      0.038037      0.03796034      0.03788965      0.03788252      0.03780867      0.03771174      0.03756241      0.0   
29/06/2024 05:42:40-286
Recall-----:   0.86274835      0.61182265      0.60929508      0.60760445      0.60622386      0.6049433      0.6036574      0.6022562      0.60052437      0.59785813      0.0   
Precision--:   0.00048073      0.04202436      0.0418742      0.04177303      0.04169053      0.04161424      0.04160774      0.04152791      0.04142317      0.04126175      0.0   
29/06/2024 05:44:51-288
Recall-----:   0.86267535      0.61209744      0.60956746      0.60787467      0.60649281      0.60521064      0.60392473      0.60252167      0.60078757      0.5981173      0.0   
Precision--:   0.00048152      0.04231838      0.04216722      0.04206532      0.04198227      0.04190545      0.04189896      0.04181858      0.04171308      0.04155049      0.0   
29/06/2024 05:50:27-293
Recall-----:   0.86256039      0.61296885      0.61043427      0.60873987      0.60735471      0.60607291      0.60478619      0.60338163      0.60164519      0.59897096      0.0   
Precision--:   0.00048268      0.04306382      0.04291032      0.04280693      0.04272258      0.04264468      0.04263827      0.0425567      0.04244958      0.04228446      0.0   
29/06/2024 07:03:20-355
Recall-----:   0.8608076      0.62260709      0.62005591      0.61835314      0.61696055      0.61566795      0.61437292      0.61296093      0.61121379      0.60852303      0.0   
Precision--:   0.00049679      0.05223654      0.05205807      0.05193765      0.05183955      0.05174848      0.05174294      0.05164809      0.05152303      0.05132996      0.0   
29/06/2024 07:55:47-405
Recall-----:   0.85982682      0.62821638      0.62564899      0.62393568      0.62253201      0.62122987      0.6199226      0.6185013      0.61674117      0.61403696      0.0   
Precision--:   0.00050576      0.05945595      0.05925878      0.05912534      0.0590164      0.05891534      0.05891029      0.05880516      0.05866602      0.05845185      0.0   
29/06/2024 08:44:33-447
Recall-----:   0.85936535      0.63243823      0.62986217      0.62815115      0.6267443      0.62543792      0.62412457      0.62269677      0.62093278      0.61822308      0.0   
Precision--:   0.00051321      0.0654396      0.06522761      0.06508506      0.06496835      0.06485982      0.06485588      0.06474281      0.0645935      0.06436331      0.0   
29/06/2024 09:27:20-484
Recall-----:   0.8589595      0.63590596      0.6333315      0.63161587      0.63020624      0.62890039      0.62758462      0.62615434      0.62438802      0.62167637      0.0   
Precision--:   0.00051929      0.07065728      0.07043411      0.07028339      0.07016032      0.07004607      0.07004339      0.06992404      0.0697661      0.06952303      0.0   
29/06/2024 09:36:33-492
Recall-----:   0.85886451      0.63642235      0.63384562      0.63212888      0.63071691      0.62940977      0.6280919      0.62665895      0.6248908      0.62217751      0.0   
Precision--:   0.0005203      0.07176025      0.07153458      0.07138206      0.07125743      0.07114185      0.07113925      0.07101834      0.07085853      0.07061266      0.0   
