28/06/2024 16:13:26-0
Recall-----:   0.57607271      0.46969992      0.46946782      0.46927315      0.46916085      0.46900362      0.46883891      0.46868916      0.4684945      0.46828486      0.0   
Precision--:   0.00018665      0.00060153      0.00060188      0.00060204      0.00060223      0.00060232      0.0006024      0.00060253      0.00060266      0.00060296      0.0   
28/06/2024 16:14:21-1
Recall-----:   0.57572139      0.47305214      0.4728163      0.47264784      0.47252805      0.47237456      0.47222482      0.47210128      0.47190288      0.47164083      0.0   
Precision--:   0.00019255      0.0006099      0.00061017      0.00061032      0.00061047      0.00061054      0.00061061      0.00061073      0.00061082      0.00061099      0.0   
28/06/2024 16:15:15-2
Recall-----:   0.57782153      0.47682498      0.47658289      0.47642947      0.47630468      0.47616992      0.47604763      0.47593033      0.47576312      0.47552104      0.0   
Precision--:   0.000194      0.0006148      0.00061505      0.00061521      0.00061534      0.00061542      0.00061552      0.00061565      0.00061577      0.00061595      0.0   
28/06/2024 16:16:10-3
Recall-----:   0.57542003      0.4780544      0.47781669      0.47767354      0.47754064      0.47741898      0.47731042      0.47719624      0.47702778      0.47678445      0.0   
Precision--:   0.00019665      0.00061902      0.00061925      0.00061941      0.00061951      0.0006196      0.00061971      0.00061982      0.00061993      0.00062009      0.0   
28/06/2024 16:17:13-4
Recall-----:   0.58911394      0.49123784      0.49101473      0.49086125      0.49073098      0.49060669      0.49049738      0.49037909      0.49021137      0.48998227      0.0   
Precision--:   0.00019949      0.00063232      0.00063262      0.0006328      0.00063294      0.00063305      0.00063318      0.00063332      0.00063346      0.00063369      0.0   
28/06/2024 16:18:10-5
Recall-----:   0.60602619      0.50901139      0.50878053      0.50862142      0.5084904      0.50835812      0.50824207      0.50811604      0.5079351      0.50769302      0.0   
Precision--:   0.00020934      0.00065564      0.00065594      0.00065612      0.00065626      0.00065637      0.0006565      0.00065663      0.00065676      0.00065698      0.0   
28/06/2024 16:19:07-6
Recall-----:   0.61715687      0.52275934      0.52252723      0.52237372      0.52224537      0.5221213      0.52201113      0.52188492      0.52170951      0.52146778      0.0   
Precision--:   0.00021519      0.00067305      0.00067338      0.00067359      0.00067374      0.00067388      0.00067402      0.00067417      0.00067432      0.00067457      0.0   
28/06/2024 16:20:04-7
Recall-----:   0.62702483      0.53235813      0.53211386      0.53195707      0.53183259      0.5317025      0.53158177      0.53144513      0.5312486      0.53099778      0.0   
Precision--:   0.00022015      0.00068684      0.00068715      0.00068735      0.00068752      0.00068764      0.00068777      0.00068791      0.00068803      0.00068826      0.0   
28/06/2024 16:21:15-8
Recall-----:   0.63647224      0.54653701      0.54628328      0.54612143      0.54598916      0.54585189      0.54572794      0.54558984      0.54538769      0.54512065      0.0   
Precision--:   0.00022474      0.00070622      0.00070653      0.00070673      0.00070689      0.00070702      0.00070715      0.00070729      0.00070741      0.00070763      0.0   
28/06/2024 16:22:14-9
Recall-----:   0.64348559      0.55687913      0.55661108      0.55643397      0.55628497      0.55613897      0.5560072      0.55584997      0.5556261      0.55533335      0.0   
Precision--:   0.00023007      0.00074451      0.00074483      0.00074504      0.00074519      0.00074531      0.00074545      0.00074557      0.00074568      0.00074589      0.0   
28/06/2024 16:24:01-11
Recall-----:   0.6563286      0.5737981      0.57350173      0.57331045      0.57314698      0.57298974      0.57284624      0.57267715      0.57244193      0.57212684      0.0   
Precision--:   0.00023506      0.00080645      0.00080684      0.0008071      0.00080728      0.00080744      0.00080761      0.00080777      0.00080792      0.00080819      0.0   
28/06/2024 16:24:56-12
Recall-----:   0.66157895      0.58021759      0.57991522      0.57972195      0.57954974      0.57938617      0.57923355      0.57905558      0.57881657      0.57849635      0.0   
Precision--:   0.00023701      0.00083315      0.00083356      0.00083383      0.00083402      0.00083418      0.00083435      0.00083451      0.00083467      0.00083495      0.0   
28/06/2024 16:26:51-14
Recall-----:   0.66993013      0.59065902      0.59034555      0.59013362      0.58995592      0.5897932      0.58963347      0.58945278      0.5892037      0.58886478      0.0   
Precision--:   0.00023778      0.00087727      0.00087773      0.00087802      0.00087823      0.00087842      0.00087861      0.0008788      0.00087899      0.0008793      0.0   
28/06/2024 16:30:32-17
Recall-----:   0.67951852      0.60218337      0.60186641      0.60164944      0.60146517      0.60130295      0.60114364      0.60095562      0.60071187      0.60036205      0.0   
Precision--:   0.00023708      0.0009304      0.00093092      0.00093124      0.00093147      0.00093169      0.00093191      0.00093212      0.00093234      0.00093269      0.0   
28/06/2024 16:31:55-18
Recall-----:   0.68288658      0.60485907      0.6045387      0.60431227      0.60412627      0.60396273      0.60379801      0.60360571      0.6033539      0.60299254      0.0   
Precision--:   0.00023682      0.00094529      0.0009458      0.00094611      0.00094634      0.00094656      0.00094677      0.00094697      0.00094718      0.00094751      0.0   
28/06/2024 16:34:54-20
Recall-----:   0.68765841      0.61035197      0.61002823      0.60980019      0.6096098      0.6094465      0.60927786      0.60908355      0.60882969      0.60846603      0.0   
Precision--:   0.0002372      0.00097198      0.00097251      0.00097283      0.00097307      0.0009733      0.00097352      0.00097373      0.00097395      0.00097429      0.0   
28/06/2024 16:45:02-28
Recall-----:   0.69910908      0.62455044      0.62421403      0.62398434      0.62379303      0.62363193      0.6234592      0.62327176      0.62301952      0.62265677      0.0   
Precision--:   0.0002348      0.00104711      0.00104767      0.00104802      0.00104828      0.00104854      0.00104877      0.00104901      0.00104926      0.00104964      0.0   
28/06/2024 16:46:18-29
Recall-----:   0.70022604      0.62569342      0.62535524      0.62512098      0.62492656      0.62476284      0.62458889      0.62440021      0.62414564      0.62378051      0.0   
Precision--:   0.00023449      0.00105424      0.00105481      0.00105514      0.0010554      0.00105565      0.00105588      0.00105612      0.00105636      0.00105673      0.0   
28/06/2024 16:47:35-30
Recall-----:   0.70123833      0.62689815      0.62655711      0.62632413      0.62613043      0.62596523      0.62579157      0.62560439      0.62535223      0.62498826      0.0   
Precision--:   0.00023397      0.00106103      0.00106159      0.00106193      0.00106219      0.00106244      0.00106266      0.0010629      0.00106315      0.00106352      0.0   
28/06/2024 16:50:08-32
Recall-----:   0.70310934      0.62890683      0.62856696      0.62833221      0.62813731      0.62797146      0.62779676      0.62760663      0.6273541      0.6269904      0.0   
Precision--:   0.00023368      0.00107349      0.00107404      0.00107438      0.00107463      0.00107487      0.0010751      0.00107533      0.00107557      0.00107594      0.0   
28/06/2024 16:51:26-33
Recall-----:   0.70383784      0.63001271      0.62967556      0.62944266      0.62924777      0.62908239      0.62890864      0.62871903      0.62846843      0.6281053      0.0   
Precision--:   0.00023331      0.00107935      0.00107991      0.00108025      0.00108051      0.00108075      0.00108098      0.00108122      0.00108146      0.00108184      0.0   
28/06/2024 17:07:06-45
Recall-----:   0.70935427      0.63932099      0.63899773      0.63877708      0.63859478      0.63843527      0.63826924      0.63808466      0.63784247      0.63749593      0.0   
Precision--:   0.00022828      0.00112978      0.0011304      0.00113078      0.00113107      0.00113134      0.0011316      0.00113186      0.00113213      0.00113256      0.0   
28/06/2024 17:08:27-46
Recall-----:   0.70986602      0.63979538      0.63947263      0.63925221      0.63906981      0.63891098      0.6387461      0.63856099      0.63831805      0.63797332      0.0   
Precision--:   0.0002279      0.00113319      0.0011338      0.00113418      0.00113446      0.00113474      0.00113499      0.00113524      0.00113551      0.00113594      0.0   
28/06/2024 17:28:25-61
Recall-----:   0.71414102      0.64634926      0.64603926      0.64582917      0.64565902      0.6455077      0.64535119      0.64517681      0.64494978      0.64462263      0.0   
Precision--:   0.00022271      0.00117105      0.00117167      0.00117206      0.00117236      0.00117264      0.0011729      0.00117317      0.00117346      0.00117391      0.0   
28/06/2024 17:29:23-62
Recall-----:   0.71430646      0.64667373      0.64636497      0.64615549      0.64598625      0.64583448      0.64567891      0.64550564      0.64528007      0.64495419      0.0   
Precision--:   0.00022262      0.00117308      0.0011737      0.00117409      0.00117439      0.00117467      0.00117493      0.0011752      0.00117549      0.00117593      0.0   
28/06/2024 17:32:17-65
Recall-----:   0.71498322      0.64757751      0.64727087      0.64706433      0.64689586      0.64674498      0.64659013      0.64641974      0.64619671      0.64587249      0.0   
Precision--:   0.000222      0.00117874      0.00117937      0.00117975      0.00118005      0.00118033      0.00118059      0.00118086      0.00118115      0.00118159      0.0   
28/06/2024 17:33:13-66
Recall-----:   0.71839058      0.65133182      0.65102216      0.65081591      0.65064638      0.65049429      0.65033884      0.65016697      0.6499419      0.64961693      0.0   
Precision--:   0.00022291      0.00118685      0.00118747      0.00118786      0.00118816      0.00118844      0.0011887      0.00118897      0.00118926      0.0011897      0.0   
28/06/2024 17:36:08-69
Recall-----:   0.72800525      0.66212588      0.6618113      0.66160244      0.66142948      0.66127482      0.66111812      0.66094313      0.66071712      0.66038906      0.0   
Precision--:   0.00022572      0.00120942      0.00121005      0.00121044      0.00121075      0.00121103      0.00121129      0.00121157      0.00121186      0.00121232      0.0   
28/06/2024 17:41:01-74
Recall-----:   0.74228144      0.67848163      0.67816616      0.67795535      0.67778194      0.6776262      0.67746986      0.67729456      0.67706684      0.6767386      0.0   
Precision--:   0.00023006      0.001244      0.00124465      0.00124506      0.00124538      0.00124566      0.00124594      0.00124623      0.00124653      0.00124701      0.0   
28/06/2024 17:53:07-84
Recall-----:   0.76580482      0.70508157      0.70475741      0.70454136      0.70436254      0.70420275      0.70404551      0.70386573      0.70363362      0.70329844      0.0   
Precision--:   0.00023801      0.00130194      0.00130259      0.001303      0.00130332      0.00130361      0.0013039      0.00130419      0.0013045      0.00130498      0.0   
28/06/2024 18:08:18-96
Recall-----:   0.78765621      0.72969049      0.72936096      0.72914145      0.72895982      0.72879456      0.72863454      0.72845384      0.72821756      0.7278763      0.0   
Precision--:   0.00024533      0.00135677      0.00135741      0.00135781      0.00135814      0.00135842      0.0013587      0.00135899      0.0013593      0.00135977      0.0   
28/06/2024 18:17:07-103
Recall-----:   0.7980706      0.74163982      0.74130893      0.7410908      0.74091009      0.7407427      0.74058172      0.74039943      0.74016285      0.73981972      0.0   
Precision--:   0.00024847      0.00138332      0.00138396      0.00138437      0.0013847      0.00138498      0.00138526      0.00138555      0.00138586      0.00138634      0.0   
